#
# There is insufficient memory for the Java Runtime Environment to continue.
# Native memory allocation (malloc) failed to allocate 134256 bytes for Chunk::new
# Possible reasons:
#   The system is out of physical RAM or swap space
#   In 32 bit mode, the process size limit was hit
# Possible solutions:
#   Reduce memory load on the system
#   Increase physical memory or swap space
#   Check if swap backing store is full
#   Use 64 bit Java on a 64 bit OS
#   Decrease Java heap size (-Xmx/-Xms)
#   Decrease number of Java threads
#   Decrease Java thread stack sizes (-Xss)
#   Set larger code cache with -XX:ReservedCodeCacheSize=
# This output file may be truncated or incomplete.
#
#  Out of Memory Error (allocation.cpp:390), pid=19724, tid=0x0000000000008b3c
#
# JRE version: Java(TM) SE Runtime Environment (8.0_121-b13) (build 1.8.0_121-b13)
# Java VM: Java HotSpot(TM) 64-Bit Server VM (25.121-b13 mixed mode windows-amd64 compressed oops)
# Failed to write core dump. Minidumps are not enabled by default on client versions of Windows
#

---------------  T H R E A D  ---------------

Current thread (0x00000000176dc800):  JavaThread "C2 CompilerThread0" daemon [_thread_in_native, id=35644, stack(0x0000000018d50000,0x0000000018e50000)]

Stack: [0x0000000018d50000,0x0000000018e50000]
[error occurred during error reporting (printing stack bounds), id 0xc0000005]

Native frames: (J=compiled Java code, j=interpreted, Vv=VM code, C=native code)


Current CompileTask:
C2:   5350 1862       4       javafx.scene.Node::invalidatedScenes (224 bytes)


---------------  P R O C E S S  ---------------

Java Threads: ( => current thread )
  0x000000001b84a000 JavaThread "Timer-1" [_thread_blocked, id=27840, stack(0x000000001f010000,0x000000001f110000)]
  0x000000001b779000 JavaThread "Prism Font Disposer" daemon [_thread_blocked, id=33244, stack(0x000000001d6e0000,0x000000001d7e0000)]
  0x000000001b798000 JavaThread "JavaFX-Launcher" [_thread_blocked, id=35348, stack(0x000000001c120000,0x000000001c220000)]
  0x0000000019442000 JavaThread "Timer-0" [_thread_blocked, id=37008, stack(0x000000001c020000,0x000000001c120000)]
  0x0000000019446000 JavaThread "Thread-2" daemon [_thread_in_native, id=32544, stack(0x000000001bf20000,0x000000001c020000)]
  0x00000000193b9800 JavaThread "JavaFX Application Thread" [_thread_in_native, id=26024, stack(0x0000000019a80000,0x0000000019b80000)]
  0x00000000193a9000 JavaThread "Thread-1" daemon [_thread_blocked, id=38856, stack(0x0000000019980000,0x0000000019a80000)]
  0x000000001936b000 JavaThread "QuantumRenderer-0" daemon [_thread_in_native, id=62140, stack(0x00000000197b0000,0x00000000198b0000)]
  0x000000001773d800 JavaThread "Service Thread" daemon [_thread_blocked, id=22364, stack(0x0000000019450000,0x0000000019550000)]
  0x000000001770f800 JavaThread "C1 CompilerThread2" daemon [_thread_in_native, id=28376, stack(0x0000000018f50000,0x0000000019050000)]
  0x00000000176e8800 JavaThread "C2 CompilerThread1" daemon [_thread_in_native, id=56928, stack(0x0000000018e50000,0x0000000018f50000)]
=>0x00000000176dc800 JavaThread "C2 CompilerThread0" daemon [_thread_in_native, id=35644, stack(0x0000000018d50000,0x0000000018e50000)]
  0x00000000176da800 JavaThread "Attach Listener" daemon [_thread_blocked, id=5216, stack(0x0000000018c50000,0x0000000018d50000)]
  0x00000000176d9000 JavaThread "Signal Dispatcher" daemon [_thread_blocked, id=56908, stack(0x0000000018b50000,0x0000000018c50000)]
  0x00000000176ca000 JavaThread "Finalizer" daemon [_thread_blocked, id=21084, stack(0x0000000018940000,0x0000000018a40000)]
  0x0000000002b9f000 JavaThread "Reference Handler" daemon [_thread_blocked, id=6572, stack(0x0000000018840000,0x0000000018940000)]
  0x0000000002ab0800 JavaThread "main" [_thread_blocked, id=52688, stack(0x0000000002950000,0x0000000002a50000)]

Other Threads:
  0x00000000176a8000 VMThread [stack: 0x0000000018740000,0x0000000018840000] [id=10384]
  0x0000000019083800 WatcherThread [stack: 0x00000000196b0000,0x00000000197b0000] [id=47660]

VM state:not at safepoint (normal execution)

VM Mutex/Monitor currently owned by a thread: None

Heap:
 PSYoungGen      total 38400K, used 32100K [0x00000000d5f00000, 0x00000000d8980000, 0x0000000100000000)
  eden space 33280K, 82% used [0x00000000d5f00000,0x00000000d79d7490,0x00000000d7f80000)
  from space 5120K, 90% used [0x00000000d8480000,0x00000000d8901da0,0x00000000d8980000)
  to   space 5120K, 0% used [0x00000000d7f80000,0x00000000d7f80000,0x00000000d8480000)
 ParOldGen       total 87552K, used 382K [0x0000000081c00000, 0x0000000087180000, 0x00000000d5f00000)
  object space 87552K, 0% used [0x0000000081c00000,0x0000000081c5fba0,0x0000000087180000)
 Metaspace       used 12224K, capacity 12730K, committed 12800K, reserved 1060864K
  class space    used 1585K, capacity 1747K, committed 1792K, reserved 1048576K

Card table byte_map: [0x0000000011f70000,0x0000000012370000] byte_map_base: 0x0000000011b62000

Marking Bits: (ParMarkBitMap*) 0x0000000050b2b6d0
 Begin Bits: [0x0000000012a20000, 0x00000000149b0000)
 End Bits:   [0x00000000149b0000, 0x0000000016940000)

Polling page: 0x00000000010b0000

CodeCache: size=245760Kb used=6199Kb max_used=6199Kb free=239560Kb
 bounds [0x0000000002bb0000, 0x00000000031d0000, 0x0000000011bb0000]
 total_blobs=2547 nmethods=1969 adapters=490
 compilation: enabled

Compilation events (10 events):
Event: 5.230 Thread 0x000000001770f800 1991       1       com.sun.prism.impl.BaseGraphics::getRenderRoot (5 bytes)
Event: 5.231 Thread 0x000000001770f800 nmethod 1991 0x00000000031c05d0 code [0x00000000031c0720, 0x00000000031c0830]
Event: 5.244 Thread 0x000000001770f800 1996       3       java.lang.Math::toRadians (10 bytes)
Event: 5.244 Thread 0x000000001770f800 nmethod 1996 0x00000000031c0890 code [0x00000000031c0a00, 0x00000000031c0b50]
Event: 5.246 Thread 0x000000001770f800 1997       3       java.util.concurrent.locks.AbstractQueuedSynchronizer$ConditionObject::doSignal (43 bytes)
Event: 5.247 Thread 0x000000001770f800 nmethod 1997 0x00000000031c0bd0 code [0x00000000031c0d40, 0x00000000031c10c8]
Event: 5.247 Thread 0x000000001770f800 1998       1       com.sun.javafx.tk.quantum.GlassScene::isEntireSceneDirty (5 bytes)
Event: 5.247 Thread 0x000000001770f800 nmethod 1998 0x00000000031c11d0 code [0x00000000031c1320, 0x00000000031c1430]
Event: 5.250 Thread 0x000000001770f800 1999       3       com.sun.javafx.geom.Point2D::<init> (15 bytes)
Event: 5.251 Thread 0x000000001770f800 nmethod 1999 0x00000000031c1490 code [0x00000000031c15e0, 0x00000000031c1790]

GC Heap History (8 events):
Event: 2.550 GC heap before
{Heap before GC invocations=1 (full 0):
 PSYoungGen      total 38400K, used 33280K [0x00000000d5f00000, 0x00000000d8980000, 0x0000000100000000)
  eden space 33280K, 100% used [0x00000000d5f00000,0x00000000d7f80000,0x00000000d7f80000)
  from space 5120K, 0% used [0x00000000d8480000,0x00000000d8480000,0x00000000d8980000)
  to   space 5120K, 0% used [0x00000000d7f80000,0x00000000d7f80000,0x00000000d8480000)
 ParOldGen       total 87552K, used 0K [0x0000000081c00000, 0x0000000087180000, 0x00000000d5f00000)
  object space 87552K, 0% used [0x0000000081c00000,0x0000000081c00000,0x0000000087180000)
 Metaspace       used 11513K, capacity 12020K, committed 12288K, reserved 1060864K
  class space    used 1579K, capacity 1746K, committed 1792K, reserved 1048576K
Event: 2.565 GC heap after
Heap after GC invocations=1 (full 0):
 PSYoungGen      total 38400K, used 5105K [0x00000000d5f00000, 0x00000000d8980000, 0x0000000100000000)
  eden space 33280K, 0% used [0x00000000d5f00000,0x00000000d5f00000,0x00000000d7f80000)
  from space 5120K, 99% used [0x00000000d7f80000,0x00000000d847c430,0x00000000d8480000)
  to   space 5120K, 0% used [0x00000000d8480000,0x00000000d8480000,0x00000000d8980000)
 ParOldGen       total 87552K, used 16K [0x0000000081c00000, 0x0000000087180000, 0x00000000d5f00000)
  object space 87552K, 0% used [0x0000000081c00000,0x0000000081c04000,0x0000000087180000)
 Metaspace       used 11513K, capacity 12020K, committed 12288K, reserved 1060864K
  class space    used 1579K, capacity 1746K, committed 1792K, reserved 1048576K
}
Event: 3.299 GC heap before
{Heap before GC invocations=2 (full 0):
 PSYoungGen      total 38400K, used 38344K [0x00000000d5f00000, 0x00000000d8980000, 0x0000000100000000)
  eden space 33280K, 99% used [0x00000000d5f00000,0x00000000d7f75d70,0x00000000d7f80000)
  from space 5120K, 99% used [0x00000000d7f80000,0x00000000d847c430,0x00000000d8480000)
  to   space 5120K, 0% used [0x00000000d8480000,0x00000000d8480000,0x00000000d8980000)
 ParOldGen       total 87552K, used 16K [0x0000000081c00000, 0x0000000087180000, 0x00000000d5f00000)
  object space 87552K, 0% used [0x0000000081c00000,0x0000000081c04000,0x0000000087180000)
 Metaspace       used 11902K, capacity 12404K, committed 12544K, reserved 1060864K
  class space    used 1580K, capacity 1746K, committed 1792K, reserved 1048576K
Event: 3.310 GC heap after
Heap after GC invocations=2 (full 0):
 PSYoungGen      total 38400K, used 5109K [0x00000000d5f00000, 0x00000000d8980000, 0x0000000100000000)
  eden space 33280K, 0% used [0x00000000d5f00000,0x00000000d5f00000,0x00000000d7f80000)
  from space 5120K, 99% used [0x00000000d8480000,0x00000000d897d720,0x00000000d8980000)
  to   space 5120K, 0% used [0x00000000d7f80000,0x00000000d7f80000,0x00000000d8480000)
 ParOldGen       total 87552K, used 366K [0x0000000081c00000, 0x0000000087180000, 0x00000000d5f00000)
  object space 87552K, 0% used [0x0000000081c00000,0x0000000081c5bba0,0x0000000087180000)
 Metaspace       used 11902K, capacity 12404K, committed 12544K, reserved 1060864K
  class space    used 1580K, capacity 1746K, committed 1792K, reserved 1048576K
}
Event: 4.013 GC heap before
{Heap before GC invocations=3 (full 0):
 PSYoungGen      total 38400K, used 38075K [0x00000000d5f00000, 0x00000000d8980000, 0x0000000100000000)
  eden space 33280K, 99% used [0x00000000d5f00000,0x00000000d7f316d0,0x00000000d7f80000)
  from space 5120K, 99% used [0x00000000d8480000,0x00000000d897d720,0x00000000d8980000)
  to   space 5120K, 0% used [0x00000000d7f80000,0x00000000d7f80000,0x00000000d8480000)
 ParOldGen       total 87552K, used 366K [0x0000000081c00000, 0x0000000087180000, 0x00000000d5f00000)
  object space 87552K, 0% used [0x0000000081c00000,0x0000000081c5bba0,0x0000000087180000)
 Metaspace       used 12051K, capacity 12538K, committed 12800K, reserved 1060864K
  class space    used 1582K, capacity 1747K, committed 1792K, reserved 1048576K
Event: 4.022 GC heap after
Heap after GC invocations=3 (full 0):
 PSYoungGen      total 38400K, used 4753K [0x00000000d5f00000, 0x00000000d8980000, 0x0000000100000000)
  eden space 33280K, 0% used [0x00000000d5f00000,0x00000000d5f00000,0x00000000d7f80000)
  from space 5120K, 92% used [0x00000000d7f80000,0x00000000d8424410,0x00000000d8480000)
  to   space 5120K, 0% used [0x00000000d8480000,0x00000000d8480000,0x00000000d8980000)
 ParOldGen       total 87552K, used 374K [0x0000000081c00000, 0x0000000087180000, 0x00000000d5f00000)
  object space 87552K, 0% used [0x0000000081c00000,0x0000000081c5dba0,0x0000000087180000)
 Metaspace       used 12051K, capacity 12538K, committed 12800K, reserved 1060864K
  class space    used 1582K, capacity 1747K, committed 1792K, reserved 1048576K
}
Event: 4.644 GC heap before
{Heap before GC invocations=4 (full 0):
 PSYoungGen      total 38400K, used 38033K [0x00000000d5f00000, 0x00000000d8980000, 0x0000000100000000)
  eden space 33280K, 100% used [0x00000000d5f00000,0x00000000d7f80000,0x00000000d7f80000)
  from space 5120K, 92% used [0x00000000d7f80000,0x00000000d8424410,0x00000000d8480000)
  to   space 5120K, 0% used [0x00000000d8480000,0x00000000d8480000,0x00000000d8980000)
 ParOldGen       total 87552K, used 374K [0x0000000081c00000, 0x0000000087180000, 0x00000000d5f00000)
  object space 87552K, 0% used [0x0000000081c00000,0x0000000081c5dba0,0x0000000087180000)
 Metaspace       used 12108K, capacity 12602K, committed 12800K, reserved 1060864K
  class space    used 1584K, capacity 1747K, committed 1792K, reserved 1048576K
Event: 4.651 GC heap after
Heap after GC invocations=4 (full 0):
 PSYoungGen      total 38400K, used 4615K [0x00000000d5f00000, 0x00000000d8980000, 0x0000000100000000)
  eden space 33280K, 0% used [0x00000000d5f00000,0x00000000d5f00000,0x00000000d7f80000)
  from space 5120K, 90% used [0x00000000d8480000,0x00000000d8901da0,0x00000000d8980000)
  to   space 5120K, 0% used [0x00000000d7f80000,0x00000000d7f80000,0x00000000d8480000)
 ParOldGen       total 87552K, used 382K [0x0000000081c00000, 0x0000000087180000, 0x00000000d5f00000)
  object space 87552K, 0% used [0x0000000081c00000,0x0000000081c5fba0,0x0000000087180000)
 Metaspace       used 12108K, capacity 12602K, committed 12800K, reserved 1060864K
  class space    used 1584K, capacity 1747K, committed 1792K, reserved 1048576K
}

Deoptimization events (9 events):
Event: 1.064 Thread 0x00000000193b9800 Uncommon trap: reason=unstable_if action=reinterpret pc=0x0000000002d62bd0 method=java.lang.String.replace(CC)Ljava/lang/String; @ 26
Event: 1.404 Thread 0x0000000002ab0800 Uncommon trap: reason=unstable_if action=reinterpret pc=0x0000000002dc3b98 method=com.sun.javafx.image.impl.ByteBgra$ToByteBgraPreConv.doConvert([BII[BIIII)V @ 80
Event: 1.419 Thread 0x0000000002ab0800 Uncommon trap: reason=unstable_if action=reinterpret pc=0x0000000002dc0af0 method=com.sun.javafx.image.impl.BaseByteToByteConverter$FourByteReorderer.doConvert([BII[BIIII)V @ 31
Event: 1.501 Thread 0x00000000193b9800 Uncommon trap: reason=unstable_if action=reinterpret pc=0x0000000002dbfd18 method=com.sun.javafx.iio.png.PNGImageLoader2.decodePalette([BLcom/sun/javafx/iio/ImageMetadata;)Lcom/sun/javafx/iio/ImageFrame; @ 56
Event: 1.622 Thread 0x00000000193b9800 Uncommon trap: reason=unstable_if action=reinterpret pc=0x0000000002d89f44 method=java.lang.String.indexOf([CII[CIII)I @ 134
Event: 1.780 Thread 0x00000000193b9800 Uncommon trap: reason=unstable_if action=reinterpret pc=0x0000000002e05a58 method=sun.misc.MetaIndex.mayContain(Ljava/lang/String;)Z @ 13
Event: 2.193 Thread 0x000000001936b000 Uncommon trap: reason=unstable_if action=reinterpret pc=0x0000000002e8321c method=java.util.HashMap.getNode(ILjava/lang/Object;)Ljava/util/HashMap$Node; @ 116
Event: 2.206 Thread 0x000000001936b000 Uncommon trap: reason=unstable_if action=reinterpret pc=0x0000000002e5f694 method=java.util.HashMap.getNode(ILjava/lang/Object;)Ljava/util/HashMap$Node; @ 116
Event: 4.199 Thread 0x000000001936b000 Uncommon trap: reason=unstable_if action=reinterpret pc=0x00000000030cf450 method=com.sun.prism.impl.ManagedResource.isLocked()Z @ 4

Internal exceptions (10 events):
Event: 4.599 Thread 0x000000001936b000 Implicit null exception at 0x000000000311f007 to 0x000000000311fa72
Event: 4.599 Thread 0x000000001936b000 Exception <a 'java/lang/NullPointerException'> (0x00000000d79acd10) thrown at [C:\re\workspace\8-2-build-windows-amd64-cygwin\jdk8u121\8372\hotspot\src\share\vm\runtime\sharedRuntime.cpp, line 605]
Event: 4.614 Thread 0x000000001936b000 Implicit null exception at 0x000000000311f007 to 0x000000000311fa72
Event: 4.615 Thread 0x000000001936b000 Exception <a 'java/lang/NullPointerException'> (0x00000000d79b3278) thrown at [C:\re\workspace\8-2-build-windows-amd64-cygwin\jdk8u121\8372\hotspot\src\share\vm\runtime\sharedRuntime.cpp, line 605]
Event: 4.628 Thread 0x000000001936b000 Implicit null exception at 0x000000000300bf7c to 0x000000000300e652
Event: 4.628 Thread 0x000000001936b000 Exception <a 'java/lang/NullPointerException'> (0x00000000d79b94c0) thrown at [C:\re\workspace\8-2-build-windows-amd64-cygwin\jdk8u121\8372\hotspot\src\share\vm\runtime\sharedRuntime.cpp, line 605]
Event: 4.642 Thread 0x000000001936b000 Implicit null exception at 0x000000000300bf7c to 0x000000000300e652
Event: 4.643 Thread 0x000000001936b000 Exception <a 'java/lang/NullPointerException'> (0x00000000d79c1808) thrown at [C:\re\workspace\8-2-build-windows-amd64-cygwin\jdk8u121\8372\hotspot\src\share\vm\runtime\sharedRuntime.cpp, line 605]
Event: 5.181 Thread 0x000000001936b000 Implicit null exception at 0x000000000311f007 to 0x000000000311fa72
Event: 5.181 Thread 0x000000001936b000 Exception <a 'java/lang/NullPointerException'> (0x00000000d5f0d190) thrown at [C:\re\workspace\8-2-build-windows-amd64-cygwin\jdk8u121\8372\hotspot\src\share\vm\runtime\sharedRuntime.cpp, line 605]

Events (10 events):
Event: 4.859 Thread 0x000000001770f800 flushing nmethod 0x0000000002cd7190
Event: 4.859 Thread 0x000000001770f800 flushing nmethod 0x0000000002cd8010
Event: 4.859 Thread 0x000000001770f800 flushing nmethod 0x0000000002cd86d0
Event: 4.859 Thread 0x000000001770f800 flushing nmethod 0x0000000002cdb7d0
Event: 4.859 Thread 0x000000001770f800 flushing nmethod 0x0000000002cf46d0
Event: 4.859 Thread 0x000000001770f800 flushing nmethod 0x0000000002cf5ad0
Event: 4.859 Thread 0x000000001770f800 flushing nmethod 0x0000000002d30f50
Event: 4.859 Thread 0x000000001770f800 flushing nmethod 0x0000000002d62610
Event: 5.031 Thread 0x00000000193b9800 DEOPT PACKING pc=0x00000000030eefba sp=0x0000000019b7ce30
Event: 5.031 Thread 0x00000000193b9800 DEOPT UNPACKING pc=0x0000000002bf747f sp=0x0000000019b7cba0 mode 0


Dynamic libraries:
0x00007ff6659f0000 - 0x00007ff665a27000 	C:\Program Files\Java\jre1.8.0_121\bin\javaw.exe
0x00007ffa19990000 - 0x00007ffa19b6b000 	C:\WINDOWS\SYSTEM32\ntdll.dll
0x00007ffa16f20000 - 0x00007ffa16fce000 	C:\WINDOWS\System32\KERNEL32.DLL
0x00007ffa16750000 - 0x00007ffa16999000 	C:\WINDOWS\System32\KERNELBASE.dll
0x00007ffa19840000 - 0x00007ffa198e1000 	C:\WINDOWS\System32\ADVAPI32.dll
0x00007ffa198f0000 - 0x00007ffa1998d000 	C:\WINDOWS\System32\msvcrt.dll
0x00007ffa170f0000 - 0x00007ffa17149000 	C:\WINDOWS\System32\sechost.dll
0x00007ffa176d0000 - 0x00007ffa177f5000 	C:\WINDOWS\System32\RPCRT4.dll
0x00007ffa196e0000 - 0x00007ffa1982a000 	C:\WINDOWS\System32\USER32.dll
0x00007ffa16680000 - 0x00007ffa1669e000 	C:\WINDOWS\System32\win32u.dll
0x00007ffa176a0000 - 0x00007ffa176c7000 	C:\WINDOWS\System32\GDI32.dll
0x00007ffa169a0000 - 0x00007ffa16b27000 	C:\WINDOWS\System32\gdi32full.dll
0x00007ffa16c80000 - 0x00007ffa16d1a000 	C:\WINDOWS\System32\msvcp_win.dll
0x00007ffa16b80000 - 0x00007ffa16c76000 	C:\WINDOWS\System32\ucrtbase.dll
0x00007ffa07e70000 - 0x00007ffa080d7000 	C:\WINDOWS\WinSxS\amd64_microsoft.windows.common-controls_6595b64144ccf1df_6.0.15063.483_none_26002d27e7c744a2\COMCTL32.dll
0x00007ffa173a0000 - 0x00007ffa17699000 	C:\WINDOWS\System32\combase.dll
0x00007ffa15eb0000 - 0x00007ffa15f1a000 	C:\WINDOWS\System32\bcryptPrimitives.dll
0x00007ffa16ef0000 - 0x00007ffa16f1d000 	C:\WINDOWS\System32\IMM32.DLL
0x00000000518a0000 - 0x0000000051972000 	C:\Program Files\Java\jre1.8.0_121\bin\msvcr100.dll
0x0000000050310000 - 0x0000000050bab000 	C:\Program Files\Java\jre1.8.0_121\bin\server\jvm.dll
0x00007ffa19830000 - 0x00007ffa19838000 	C:\WINDOWS\System32\PSAPI.DLL
0x00007ffa0f3c0000 - 0x00007ffa0f3e3000 	C:\WINDOWS\SYSTEM32\WINMM.dll
0x00007ffa0ab20000 - 0x00007ffa0ab29000 	C:\WINDOWS\SYSTEM32\WSOCK32.dll
0x00007ffa17800000 - 0x00007ffa1786c000 	C:\WINDOWS\System32\WS2_32.dll
0x00007ffa11f00000 - 0x00007ffa11f0a000 	C:\WINDOWS\SYSTEM32\VERSION.dll
0x00007ffa0f360000 - 0x00007ffa0f38b000 	C:\WINDOWS\SYSTEM32\winmmbase.dll
0x00007ffa16b30000 - 0x00007ffa16b79000 	C:\WINDOWS\System32\cfgmgr32.dll
0x0000000051a50000 - 0x0000000051a5f000 	C:\Program Files\Java\jre1.8.0_121\bin\verify.dll
0x0000000051a20000 - 0x0000000051a49000 	C:\Program Files\Java\jre1.8.0_121\bin\java.dll
0x0000000051a00000 - 0x0000000051a16000 	C:\Program Files\Java\jre1.8.0_121\bin\zip.dll
0x00007ffa181b0000 - 0x00007ffa195e7000 	C:\WINDOWS\System32\SHELL32.dll
0x00007ffa180a0000 - 0x00007ffa1814a000 	C:\WINDOWS\System32\shcore.dll
0x00007ffa15f20000 - 0x00007ffa16611000 	C:\WINDOWS\System32\windows.storage.dll
0x00007ffa195f0000 - 0x00007ffa19641000 	C:\WINDOWS\System32\shlwapi.dll
0x00007ffa15e40000 - 0x00007ffa15e51000 	C:\WINDOWS\System32\kernel.appcore.dll
0x00007ffa15e60000 - 0x00007ffa15eac000 	C:\WINDOWS\System32\powrprof.dll
0x00007ffa15e00000 - 0x00007ffa15e15000 	C:\WINDOWS\System32\profapi.dll
0x00007ff9f7850000 - 0x00007ff9f793f000 	C:\Program Files\Java\jre1.8.0_121\bin\msvcr120.dll
0x00007ff9f7380000 - 0x00007ff9f7426000 	C:\Program Files\Java\jre1.8.0_121\bin\msvcp120.dll
0x0000000051870000 - 0x0000000051892000 	C:\Program Files\Java\jre1.8.0_121\bin\prism_d3d.dll
0x00007ff9f76b0000 - 0x00007ff9f7839000 	C:\WINDOWS\system32\d3d9.dll
0x00007ffa0efb0000 - 0x00007ffa0efda000 	C:\WINDOWS\SYSTEM32\dwmapi.dll
0x00007ffa145f0000 - 0x00007ffa14685000 	C:\WINDOWS\system32\uxtheme.dll
0x00007ff9f8e20000 - 0x00007ff9f988e000 	C:\WINDOWS\SYSTEM32\igdumdim64.dll
0x00007ffa0db40000 - 0x00007ffa0df9f000 	C:\WINDOWS\SYSTEM32\igdusc64.dll
0x0000000051820000 - 0x0000000051863000 	C:\Program Files\Java\jre1.8.0_121\bin\glass.dll
0x00007ffa17f90000 - 0x00007ffa18098000 	C:\WINDOWS\System32\COMDLG32.dll
0x00007ffa17e40000 - 0x00007ffa17f85000 	C:\WINDOWS\System32\ole32.dll
0x00007ffa17030000 - 0x00007ffa170f0000 	C:\WINDOWS\System32\OLEAUT32.dll
0x00007ffa17cd0000 - 0x00007ffa17e36000 	C:\WINDOWS\System32\MSCTF.dll
0x0000000051800000 - 0x0000000051814000 	C:\Program Files\Java\jre1.8.0_121\bin\javafx_font.dll
0x00007ffa0c040000 - 0x00007ffa0c2ff000 	C:\WINDOWS\SYSTEM32\dwrite.dll
0x00007ffa172f0000 - 0x00007ffa1738e000 	C:\WINDOWS\System32\clbcatq.dll
0x00007ffa0ed50000 - 0x00007ffa0eefc000 	C:\WINDOWS\SYSTEM32\WindowsCodecs.dll
0x00007ffa05fd0000 - 0x00007ffa06017000 	C:\WINDOWS\system32\dataexchange.dll
0x00007ffa13660000 - 0x00007ffa1393f000 	C:\WINDOWS\system32\d3d11.dll
0x00007ffa13fe0000 - 0x00007ffa14102000 	C:\WINDOWS\system32\dcomp.dll
0x00007ffa14d50000 - 0x00007ffa14df4000 	C:\WINDOWS\system32\dxgi.dll
0x00007ffa14920000 - 0x00007ffa14a90000 	C:\WINDOWS\system32\twinapi.appcore.dll
0x00007ffa15cd0000 - 0x00007ffa15cf5000 	C:\WINDOWS\system32\bcrypt.dll
0x00007ffa0ab60000 - 0x00007ffa0ab91000 	C:\Program Files\Common Files\Microsoft Shared\Ink\rtscom.dll
0x00007ffa0e6a0000 - 0x00007ffa0e722000 	C:\WINDOWS\System32\TextInputFramework.dll
0x00007ffa13940000 - 0x00007ffa13a23000 	C:\WINDOWS\System32\CoreMessaging.dll
0x00007ffa0e910000 - 0x00007ffa0ebe2000 	C:\WINDOWS\System32\CoreUIComponents.dll
0x00007ffa15010000 - 0x00007ffa15041000 	C:\WINDOWS\SYSTEM32\ntmarta.dll
0x00007ffa12cb0000 - 0x00007ffa12cc5000 	C:\WINDOWS\SYSTEM32\usermgrcli.dll
0x00007ffa12460000 - 0x00007ffa12599000 	C:\WINDOWS\SYSTEM32\wintypes.dll
0x00007ffa13a30000 - 0x00007ffa13fd4000 	C:\WINDOWS\SYSTEM32\d2d1.dll
0x00007ffa16d20000 - 0x00007ffa16ee9000 	C:\WINDOWS\System32\CRYPT32.dll
0x00007ffa15e20000 - 0x00007ffa15e31000 	C:\WINDOWS\System32\MSASN1.dll
0x00007ff9f0260000 - 0x00007ff9f0535000 	C:\WINDOWS\SYSTEM32\D3D10Warp.dll

VM Arguments:
jvm_args: -Dfile.encoding=Cp1252 
java_command: alpha.Main
java_class_path (initial): C:\Users\Julien\WorkspaceZ\Demi-Vie\Demie_vie\bin
Launcher Type: SUN_STANDARD

Environment Variables:
PATH=C:/Program Files/Java/jre1.8.0_121/bin/server;C:/Program Files/Java/jre1.8.0_121/bin;C:/Program Files/Java/jre1.8.0_121/lib/amd64;C:\ProgramData\Oracle\Java\javapath;C:\WINDOWS\system32;C:\WINDOWS;C:\WINDOWS\System32\Wbem;C:\WINDOWS\System32\WindowsPowerShell\v1.0\;C:\Program Files\nodejs\;C:\Program Files\Git\cmd;C:\Program Files (x86)\PuTTY\;C:\Program Files (x86)\Skype\Phone\;C:\Program Files\Microsoft SQL Server\130\Tools\Binn\;C:\Program Files\dotnet\;C:\wamp64\bin\php\php5.6.25;C:\ProgramData\ComposerSetup\bin;C:\Program Files (x86)\scala\bin;%JAVA_HOME%\bin;%SPARK_HOME%\bin;%SCALA_HOME%\bin;C:\Users\Julien\AppData\Local\Microsoft\WindowsApps;C:\Users\Julien\AppData\Roaming\npm;C:\Program Files (x86)\Microsoft VS Code\bin;C:\Users\Julien\AppData\Local\atom\bin;C:\Users\Julien\AppData\Roaming\Composer\vendor\bin;;C:\WINDOWS\System32;
USERNAME=Julien
OS=Windows_NT
PROCESSOR_IDENTIFIER=Intel64 Family 6 Model 55 Stepping 8, GenuineIntel



---------------  S Y S T E M  ---------------

OS: Windows 10.0 , 64 bit Build 15063 (10.0.15063.296)

CPU:total 4 (4 cores per cpu, 1 threads per core) family 6 model 55 stepping 8, cmov, cx8, fxsr, mmx, sse, sse2, sse3, ssse3, sse4.1, sse4.2, popcnt, clmul, erms, 3dnowpref, tsc, tscinvbit

Memory: 4k page, physical 8269008k(1339952k free), swap 33434832k(3832k free)

vm_info: Java HotSpot(TM) 64-Bit Server VM (25.121-b13) for windows-amd64 JRE (1.8.0_121-b13), built on Dec 12 2016 18:21:36 by "java_re" with MS VC++ 10.0 (VS2010)

time: Mon Dec 04 16:43:32 2017
elapsed time: 5 seconds (0d 0h 0m 5s)

